=== IMPORT ERRORS LOG ===
Generated: 2026-02-27 21:21:45
Total errors: 39

File: base\sinquefield2025.pgn
Game: 0
Time: 2026-02-27 18:45:03
Error: Error processing positions: неисправимая ошибка в партии, пропускаем: could not apply move d5 (tried: d5, d5, d5): chess: could not decode algebraic notation d5 for position 2rq1rk1/pb4pp/1p2pp2/n7/1QPPn3/5N2/P3BPPP/R1BR2K1 b - - 1 17
---
File: base\sinquefield2025.pgn
Game: 1
Time: 2026-02-27 18:45:03
Error: Error processing positions: неисправимая ошибка в партии, пропускаем: could not apply move Nxb7 (tried: Nxb7, Nxb7, Nxb7): chess: could not decode algebraic notation Nxb7 for position r4rk1/1b1q1ppp/3N1b2/p2P4/1p1p1B2/1P3Q2/1P3PPP/2R1R1K1 b - - 1 20
---
File: base\sinquefield2025.pgn
Game: 2
Time: 2026-02-27 18:45:05
Error: Error processing positions: неисправимая ошибка в партии, пропускаем: could not apply move Nxg5 (tried: Nxg5, Nxg5, Nxg5): chess: could not decode algebraic notation Nxg5 for position r3r1k1/1pb2p1n/2p3p1/p2q1b2/4N2Q/P3B3/1P4PP/1B2RRK1 w - - 0 27
---
File: base\sinquefield2025.pgn
Game: 3
Time: 2026-02-27 18:45:06
Error: Error processing positions: неисправимая ошибка в партии, пропускаем: could not apply move Rab8 (tried: Rab8, Rb8, Rb8): chess: could not decode algebraic notation Rb8 for position r2r2k1/bp3ppp/pNn1p3/2n5/1P6/P1N1P3/1B2BPPP/R2R2K1 w - - 3 18
---
File: base\sinquefield2025.pgn
Game: 6
Time: 2026-02-27 18:45:23
Error: Error processing positions: неисправимая ошибка в партии, пропускаем: could not apply move cxd4 (tried: cxd4, cxd4, cxd4): chess: could not decode algebraic notation cxd4 for position r1bqkb1r/pp1n1ppp/2n1p3/2ppP3/3P1P2/2N2N2/PPP3PP/R1BQKB1R w KQkq - 2 7
---
File: base\sinquefield2025.pgn
Game: 8
Time: 2026-02-27 18:45:30
Error: Error processing positions: неисправимая ошибка в партии, пропускаем: could not apply move axb4 (tried: axb4, axb4, axb4): chess: could not decode algebraic notation axb4 for position r2q1rk1/2p3pp/2n1b3/pp1pp3/1P6/2P1NN2/P1B3PP/R1BQ2K1 w - - 0 18
---
File: base\sinquefield2025.pgn
Game: 9
Time: 2026-02-27 18:45:30
Error: Error processing positions: неисправимая ошибка в партии, пропускаем: could not apply move Nd7 (tried: Nd7, Nd7, Nd7): chess: could not decode algebraic notation Nd7 for position 2kr3r/2p2ppp/3bb3/2nqn1N1/1p6/2Pp4/BP1N1PPP/R1BQR1K1 w - - 0 18
---
File: base\sinquefield2025.pgn
Game: 11
Time: 2026-02-27 18:45:37
Error: Error processing positions: неисправимая ошибка в партии, пропускаем: could not apply move cxb4 (tried: cxb4, cxb4, cxb4): chess: could not decode algebraic notation cxb4 for position 3r2k1/p2r1pp1/2qpbn1p/2p1p3/2P1P2P/PPQ1BP2/2BR2P1/3R2K1 w - - 1 24
---
File: base\sinquefield2025.pgn
Game: 12
Time: 2026-02-27 18:45:38
Error: Error processing positions: неисправимая ошибка в партии, пропускаем: could not apply move Qb5 (tried: Qb5, Qb5, Qb5): chess: could not decode algebraic notation Qb5 for position r2q2k1/1b4pp/1p1p4/p1nPpr2/4N3/2R3P1/PP2QPBP/4R1K1 b - - 1 19
---
File: base\sinquefield2025.pgn
Game: 13
Time: 2026-02-27 18:45:38
Error: Error processing positions: неисправимая ошибка в партии, пропускаем: could not apply move Nd1 (tried: Nd1, Nd1, Nd1): chess: could not decode algebraic notation Nd1 for position r1q1kb1r/3b1ppp/p3p3/3pP3/3B1P2/1RN5/P1PQ2PP/5RK1 b kq - 4 17
---
File: base\sinquefield2025.pgn
Game: 15
Time: 2026-02-27 18:45:44
Error: Error processing positions: неисправимая ошибка в партии, пропускаем: could not apply move Nd3 (tried: Nd3, Nd3, Nd3): chess: could not decode algebraic notation Nd3 for position 2r3k1/Bp4b1/4p3/P2p1p2/2p2np1/2P5/1P2KPP1/RR6 w - - 2 32
---
File: base\sinquefield2025.pgn
Game: 17
Time: 2026-02-27 18:45:50
Error: Error processing positions: неисправимая ошибка в партии, пропускаем: could not apply move Rxf5+ (tried: Rxf5+, Rxf5+, Rxf5): chess: could not decode algebraic notation Rxf5 for position 4r3/pp1b4/5k2/5nrp/2pNPK2/1P6/P5P1/R2BR3 w - - 2 30
---
File: base\sinquefield2025.pgn
Game: 19
Time: 2026-02-27 18:45:52
Error: Error processing positions: неисправимая ошибка в партии, пропускаем: could not apply move Rc8 (tried: Rc8, Rc8, Rc8): chess: could not decode algebraic notation Rc8 for position r2qnrk1/pp1n1pp1/4b2p/2pp4/3P2P1/2NBPN1P/PPQ3P1/R3K2R w KQ c6 0 15
---
File: base\sinquefield2025.pgn
Game: 20
Time: 2026-02-27 18:45:52
Error: Error processing positions: неисправимая ошибка в партии, пропускаем: could not apply move Nc4 (tried: Nc4, Nc4, Nc4): chess: could not decode algebraic notation Nc4 for position r3k2r/1b1n1pp1/pp1pq3/8/P2Pp2p/QP2P1P1/3N1PBP/R3K2R b KQkq - 1 17
---
File: base\sinquefield2025.pgn
Game: 21
Time: 2026-02-27 18:45:52
Error: Error processing positions: неисправимая ошибка в партии, пропускаем: could not apply move exd5 (tried: exd5, exd5, exd5): chess: could not decode algebraic notation exd5 for position r1bq1rk1/p2p1ppp/2p2n2/4p3/2P1P3/2PB3P/P4PP1/R1BQ1RK1 b - - 0 11
---
File: base\sinquefield2025.pgn
Game: 22
Time: 2026-02-27 18:45:55
Error: Error processing positions: неисправимая ошибка в партии, пропускаем: could not apply move Rxe2 (tried: Rxe2, Rxe2, Rxe2): chess: could not decode algebraic notation Rxe2 for position 7k/2pqr1p1/pp1pr1bp/4Pp2/1PP2P2/1P4NP/4R1PK/Q3R3 w - - 1 33
---
File: base\sinquefield2025.pgn
Game: 25
Time: 2026-02-27 18:45:59
Error: Error processing positions: неисправимая ошибка в партии, пропускаем: could not apply move Re8 (tried: Re8, Re8, Re8): chess: could not decode algebraic notation Re8 for position 1r3k1r/4b1p1/1p1p4/p1pP1p2/P2pPP1p/3P1NPq/1P5P/R2Q1RK1 w - - 0 23
---
File: base\sinquefield2025.pgn
Game: 26
Time: 2026-02-27 18:46:00
Error: Error processing positions: неисправимая ошибка в партии, пропускаем: could not apply move Na6 (tried: Na6, Na6, Na6): chess: could not decode algebraic notation Na6 for position 2rq1rk1/1p2bppp/3pb3/p1n1p3/P2nP3/R1N1NPP1/1PP4P/2BQRB1K w - - 9 21
---
File: base\sinquefield2025.pgn
Game: 27
Time: 2026-02-27 18:46:01
Error: Error processing positions: неисправимая ошибка в партии, пропускаем: could not apply move Nxc6 (tried: Nxc6, Nxc6, Nxc6): chess: could not decode algebraic notation Nxc6 for position r3k2r/p1qpbp1p/1pb1p3/4Pp1Q/3N1B1P/P1P5/1P3PP1/R3K2R b KQkq - 3 16
---
File: base\sinquefield2025.pgn
Game: 28
Time: 2026-02-27 18:46:02
Error: Error processing positions: неисправимая ошибка в партии, пропускаем: could not apply move Qg5+ (tried: Qg5+, Qg5+, Qg5): chess: could not decode algebraic notation Qg5 for position 2r1r1k1/2pq1p2/p1n5/1pQ2b1p/3PpBPP/2P5/P2KB1P1/2R4R b - - 0 22
---
File: base\sinquefield2025.pgn
Game: 29
Time: 2026-02-27 18:46:03
Error: Error processing positions: неисправимая ошибка в партии, пропускаем: could not apply move Qxh5 (tried: Qxh5, Qxh5, Qxh5): chess: could not decode algebraic notation Qxh5 for position r3k2r/pp2qpp1/1np5/3p2Pp/P2P3P/2P1P1B1/5P2/1R1Q1RK1 b kq - 0 22
---
File: base\sinquefield2025.pgn
Game: 31
Time: 2026-02-27 18:46:07
Error: Error processing positions: неисправимая ошибка в партии, пропускаем: could not apply move Kh8 (tried: Kh8, Kh8, Kh8): chess: could not decode algebraic notation Kh8 for position r5k1/1pp1rnpp/1n3p2/pP2p3/P4P2/2NNP1Pq/2QP3P/1R3RK1 w - - 0 21
---
File: base\sinquefield2025.pgn
Game: 32
Time: 2026-02-27 18:46:08
Error: Error processing positions: неисправимая ошибка в партии, пропускаем: could not apply move Bd2 (tried: Bd2, Bd2, Bd2): chess: could not decode algebraic notation Bd2 for position 4rrk1/p4ppp/2Bpb3/5n2/3P3q/2P5/PP3P1P/R1BQR1K1 b - - 2 20
---
File: base\sinquefield2025.pgn
Game: 33
Time: 2026-02-27 18:46:08
Error: Error processing positions: неисправимая ошибка в партии, пропускаем: could not apply move c4 (tried: c4, c4, c4): chess: could not decode algebraic notation c4 for position r2q1bk1/ppp1npp1/3p1r1p/8/3NP3/P3B2P/1PP2PP1/R2Q1RK1 b - - 0 15
---
File: base\sinquefield2025.pgn
Game: 34
Time: 2026-02-27 18:46:09
Error: Error processing positions: неисправимая ошибка в партии, пропускаем: could not apply move c5 (tried: c5, c5, c5): chess: could not decode algebraic notation c5 for position r1br2k1/p4pbp/1ppq2p1/4N3/P3P3/3P1N1P/2Q2PP1/R4RK1 w - - 1 19
---
File: base\sinquefield2025.pgn
Game: 35
Time: 2026-02-27 18:46:09
Error: Error processing positions: неисправимая ошибка в партии, пропускаем: could not apply move Bxb7 (tried: Bxb7, Bxb7, Bxb7): chess: could not decode algebraic notation Bxb7 for position r2q1rk1/pp2ppbp/5np1/2p2b2/2Pn1B1N/2N3P1/PP2PPBP/R2QR1K1 b - - 9 13
---
File: base\sinquefield2025.pgn
Game: 39
Time: 2026-02-27 18:46:25
Error: Error processing positions: неисправимая ошибка в партии, пропускаем: could not apply move Nf4 (tried: Nf4, Nf4, Nf4): chess: could not decode algebraic notation Nf4 for position 2r1k3/p6p/b1P1pp2/3n4/P5r1/1p4P1/1B2PPBP/2R1K2R w K - 2 24
---
File: base\sinquefield2025.pgn
Game: 43
Time: 2026-02-27 18:46:35
Error: Error processing positions: неисправимая ошибка в партии, пропускаем: could not apply move Nce2 (tried: Nce2, Ne2, Ne2): chess: could not decode algebraic notation Ne2 for position rnbq1rk1/p1p1bppp/2p5/3pP3/3N4/2N2Q2/PPP2PPP/R1B2RK1 b - - 4 11
---
File: base\botvinnik.pgn
Game: 18
Time: 2026-02-27 18:46:52
Error: Error processing positions: неисправимая ошибка в партии, пропускаем: could not apply move Nd4 (tried: Nd4, Nd4, Nd4): chess: could not decode algebraic notation Nd4 for position rnbqkbnr/pppppppp/8/8/8/8/PPPPPPPP/RNBQKBNR w KQkq - 0 1
---
File: base\botvinnik.pgn
Game: 27
Time: 2026-02-27 18:47:23
Error: Error processing positions: неисправимая ошибка в партии, пропускаем: could not apply move Rxf6 (tried: Rxf6, Rxf6, Rxf6): chess: could not decode algebraic notation Rxf6 for position rnbqkbnr/pppppppp/8/8/8/8/PPPPPPPP/RNBQKBNR w KQkq - 0 1
---
File: base\KlausJunge.pgn
Game: 31
Time: 2026-02-27 18:48:39
Error: Error processing positions: неисправимая ошибка в партии, пропускаем: could not apply move Nd7 (tried: Nd7, Nd7, Nd7): chess: could not decode algebraic notation Nd7 for position rnbqkbnr/pppppppp/8/8/8/8/PPPPPPPP/RNBQKBNR w KQkq - 0 1
---
File: base\KlausJunge.pgn
Game: 34
Time: 2026-02-27 18:48:44
Error: Error processing positions: неисправимая ошибка в партии, пропускаем: could not apply move Nf8 (tried: Nf8, Nf8, Nf8): chess: could not decode algebraic notation Nf8 for position rnbqkbnr/pppppppp/8/8/8/5N2/PPPPPPPP/RNBQKB1R b KQkq - 1 1
---
File: base\botvinnik.pgn
Game: 84
Time: 2026-02-27 18:51:36
Error: Error processing positions: неисправимая ошибка в партии, пропускаем: could not apply move Kf6 (tried: Kf6, Kf6, Kf6): chess: could not decode algebraic notation Kf6 for position rnbqkbnr/pppppppp/8/8/8/8/PPPPPPPP/RNBQKBNR w KQkq - 0 1
---
File: base\tal.pgn
Game: 716
Time: 2026-02-27 19:45:10
Error: Error processing positions: неисправимая ошибка в партии, пропускаем: could not apply move Rd1 (tried: Rd1, Rd1, Rd1): chess: could not decode algebraic notation Rd1 for position 6k1/6p1/4R2p/8/p7/2q2P2/4R1PP/7K w - - 5 37
---
File: base\tal.pgn
Game: 717
Time: 2026-02-27 19:45:12
Error: Error processing positions: неисправимая ошибка в партии, пропускаем: could not apply move Rd1 (tried: Rd1, Rd1, Rd1): chess: could not decode algebraic notation Rd1 for position 6k1/6p1/4R2p/8/p7/2q2P2/4R1PP/7K w - - 5 37
---
File: base\tal.pgn
Game: 1146
Time: 2026-02-27 20:07:10
Error: Error processing positions: неисправимая ошибка в партии, пропускаем: could not apply move Rd7 (tried: Rd7, Rd7, Rd7): chess: could not decode algebraic notation Rd7 for position 3q3k/p3R1R1/8/6K1/8/6P1/7P/8 w - - 12 63
---
File: base\tal.pgn
Game: 1175
Time: 2026-02-27 20:08:16
Error: Error processing positions: неисправимая ошибка в партии, пропускаем: could not apply move Rd7 (tried: Rd7, Rd7, Rd7): chess: could not decode algebraic notation Rd7 for position 3q3k/p3R1R1/8/6K1/8/6P1/7P/8 w - - 12 63
---
File: base\tal.pgn
Game: 2053
Time: 2026-02-27 20:41:10
Error: Error processing positions: неисправимая ошибка в партии, пропускаем: could not apply move Kh3 (tried: Kh3, Kh3, Kh3): chess: could not decode algebraic notation Kh3 for position 8/6k1/7p/4nR2/6P1/2r3K1/8/8 w - - 8 71
---
File: base\tal.pgn
Game: 2445
Time: 2026-02-27 20:52:59
Error: Error processing positions: неисправимая ошибка в партии, пропускаем: could not apply move Kh1 (tried: Kh1, Kh1, Kh1): chess: could not decode algebraic notation Kh1 for position r4k1r/1p1q1pp1/p2pb3/2bNp1Q1/4P1P1/6P1/PPP2PB1/3R1RK1 w - - 3 20
---
